OtuPicker parameters:
Application:uclust
Similarity:0.97
chimeras_retention:union
enable_rev_strand_matching:True
exact:False
max_accepts:20
max_rejects:500
new_cluster_identifier:denovo
next_new_cluster_number:1
optimal:False
output_dir:prefix_picked_otus/uclust_picked_otus/
prefilter_identical_sequences:True
presort_by_abundance:True
save_uc_files:True
stable_sort:True
stepwords:20
suppress_new_clusters:True
suppress_sort:True
word_length:12
Reference seqs:/macqiime/greengenes/gg_13_8_otus/rep_set/97_otus.fasta
Num OTUs:1675
Num new OTUs:0
Num failures:1095
Result path: prefix_picked_otus/uclust_picked_otus//rep_set_otus.txt